# JRE version: OpenJDK Runtime Environment (23.0.1+11) (build 23.0.1+11-39)
# Java VM: OpenJDK 64-Bit Server VM (23.0.1+11-39, mixed mode, sharing, tiered, compressed oops, compressed class ptrs, g1 gc, bsd-aarch64)
Heap:
 garbage-first heap   total reserved 2097152K, committed 133120K, used 42535K [0x0000000780000000, 0x0000000800000000)
  region size 1024K, 38 young (38912K), 1 survivors (1024K)
 Metaspace       used 12305K, committed 12864K, reserved 1114112K
  class space    used 1429K, committed 1664K, reserved 1048576K
GC Heap History (20 events):
Event: 48703.938 GC heap before
{Heap before GC invocations=450 (full 0):
 garbage-first heap   total reserved 2097152K, committed 133120K, used 81443K [0x0000000780000000, 0x0000000800000000)
  region size 1024K, 76 young (77824K), 1 survivors (1024K)
 Metaspace       used 12305K, committed 12864K, reserved 1114112K
  class space    used 1429K, committed 1664K, reserved 1048576K
}
Event: 48703.940 GC heap after
{Heap after GC invocations=451 (full 0):
 garbage-first heap   total reserved 2097152K, committed 133120K, used 4645K [0x0000000780000000, 0x0000000800000000)
  region size 1024K, 1 young (1024K), 1 survivors (1024K)
 Metaspace       used 12305K, committed 12864K, reserved 1114112K
  class space    used 1429K, committed 1664K, reserved 1048576K
}
Event: 48790.087 GC heap before
{Heap before GC invocations=451 (full 0):
 garbage-first heap   total reserved 2097152K, committed 133120K, used 81445K [0x0000000780000000, 0x0000000800000000)
  region size 1024K, 76 young (77824K), 1 survivors (1024K)
 Metaspace       used 12305K, committed 12864K, reserved 1114112K
  class space    used 1429K, committed 1664K, reserved 1048576K
}
Event: 48790.088 GC heap after
{Heap after GC invocations=452 (full 0):
 garbage-first heap   total reserved 2097152K, committed 133120K, used 4643K [0x0000000780000000, 0x0000000800000000)
  region size 1024K, 1 young (1024K), 1 survivors (1024K)
 Metaspace       used 12305K, committed 12864K, reserved 1114112K
  class space    used 1429K, committed 1664K, reserved 1048576K
}
Event: 48876.903 GC heap before
{Heap before GC invocations=452 (full 0):
 garbage-first heap   total reserved 2097152K, committed 133120K, used 81443K [0x0000000780000000, 0x0000000800000000)
  region size 1024K, 76 young (77824K), 1 survivors (1024K)
 Metaspace       used 12305K, committed 12864K, reserved 1114112K
  class space    used 1429K, committed 1664K, reserved 1048576K
}
Event: 48876.905 GC heap after
{Heap after GC invocations=453 (full 0):
 garbage-first heap   total reserved 2097152K, committed 133120K, used 4643K [0x0000000780000000, 0x0000000800000000)
  region size 1024K, 1 young (1024K), 1 survivors (1024K)
 Metaspace       used 12305K, committed 12864K, reserved 1114112K
  class space    used 1429K, committed 1664K, reserved 1048576K
}
Event: 48962.714 GC heap before
{Heap before GC invocations=453 (full 0):
 garbage-first heap   total reserved 2097152K, committed 133120K, used 81443K [0x0000000780000000, 0x0000000800000000)
  region size 1024K, 76 young (77824K), 1 survivors (1024K)
 Metaspace       used 12305K, committed 12864K, reserved 1114112K
  class space    used 1429K, committed 1664K, reserved 1048576K
}
Event: 48962.717 GC heap after
{Heap after GC invocations=454 (full 0):
 garbage-first heap   total reserved 2097152K, committed 133120K, used 4647K [0x0000000780000000, 0x0000000800000000)
  region size 1024K, 1 young (1024K), 1 survivors (1024K)
 Metaspace       used 12305K, committed 12864K, reserved 1114112K
  class space    used 1429K, committed 1664K, reserved 1048576K
}
Event: 49054.090 GC heap before
{Heap before GC invocations=454 (full 0):
 garbage-first heap   total reserved 2097152K, committed 133120K, used 81447K [0x0000000780000000, 0x0000000800000000)
  region size 1024K, 76 young (77824K), 1 survivors (1024K)
 Metaspace       used 12305K, committed 12864K, reserved 1114112K
  class space    used 1429K, committed 1664K, reserved 1048576K
}
Event: 49054.092 GC heap after
{Heap after GC invocations=455 (full 0):
 garbage-first heap   total reserved 2097152K, committed 133120K, used 4649K [0x0000000780000000, 0x0000000800000000)
  region size 1024K, 1 young (1024K), 1 survivors (1024K)
 Metaspace       used 12305K, committed 12864K, reserved 1114112K
  class space    used 1429K, committed 1664K, reserved 1048576K
}
Event: 49146.088 GC heap before
{Heap before GC invocations=455 (full 0):
 garbage-first heap   total reserved 2097152K, committed 133120K, used 81449K [0x0000000780000000, 0x0000000800000000)
  region size 1024K, 76 young (77824K), 1 survivors (1024K)
 Metaspace       used 12305K, committed 12864K, reserved 1114112K
  class space    used 1429K, committed 1664K, reserved 1048576K
}
Event: 49146.089 GC heap after
{Heap after GC invocations=456 (full 0):
 garbage-first heap   total reserved 2097152K, committed 133120K, used 4647K [0x0000000780000000, 0x0000000800000000)
  region size 1024K, 1 young (1024K), 1 survivors (1024K)
 Metaspace       used 12305K, committed 12864K, reserved 1114112K
  class space    used 1429K, committed 1664K, reserved 1048576K
}
Event: 49237.838 GC heap before
{Heap before GC invocations=456 (full 0):
 garbage-first heap   total reserved 2097152K, committed 133120K, used 81447K [0x0000000780000000, 0x0000000800000000)
  region size 1024K, 76 young (77824K), 1 survivors (1024K)
 Metaspace       used 12305K, committed 12864K, reserved 1114112K
  class space    used 1429K, committed 1664K, reserved 1048576K
}
Event: 49237.840 GC heap after
{Heap after GC invocations=457 (full 0):
 garbage-first heap   total reserved 2097152K, committed 133120K, used 4645K [0x0000000780000000, 0x0000000800000000)
  region size 1024K, 1 young (1024K), 1 survivors (1024K)
 Metaspace       used 12305K, committed 12864K, reserved 1114112K
  class space    used 1429K, committed 1664K, reserved 1048576K
}
Event: 49333.587 GC heap before
{Heap before GC invocations=457 (full 0):
 garbage-first heap   total reserved 2097152K, committed 133120K, used 81445K [0x0000000780000000, 0x0000000800000000)
  region size 1024K, 76 young (77824K), 1 survivors (1024K)
 Metaspace       used 12305K, committed 12864K, reserved 1114112K
  class space    used 1429K, committed 1664K, reserved 1048576K
}
Event: 49333.590 GC heap after
{Heap after GC invocations=458 (full 0):
 garbage-first heap   total reserved 2097152K, committed 133120K, used 4651K [0x0000000780000000, 0x0000000800000000)
  region size 1024K, 1 young (1024K), 1 survivors (1024K)
 Metaspace       used 12305K, committed 12864K, reserved 1114112K
  class space    used 1429K, committed 1664K, reserved 1048576K
}
Event: 49429.490 GC heap before
{Heap before GC invocations=458 (full 0):
 garbage-first heap   total reserved 2097152K, committed 133120K, used 81451K [0x0000000780000000, 0x0000000800000000)
  region size 1024K, 76 young (77824K), 1 survivors (1024K)
 Metaspace       used 12305K, committed 12864K, reserved 1114112K
  class space    used 1429K, committed 1664K, reserved 1048576K
}
Event: 49429.496 GC heap after
{Heap after GC invocations=459 (full 0):
 garbage-first heap   total reserved 2097152K, committed 133120K, used 4651K [0x0000000780000000, 0x0000000800000000)
  region size 1024K, 1 young (1024K), 1 survivors (1024K)
 Metaspace       used 12305K, committed 12864K, reserved 1114112K
  class space    used 1429K, committed 1664K, reserved 1048576K
}
Event: 49523.751 GC heap before
{Heap before GC invocations=459 (full 0):
 garbage-first heap   total reserved 2097152K, committed 133120K, used 81451K [0x0000000780000000, 0x0000000800000000)
  region size 1024K, 76 young (77824K), 1 survivors (1024K)
 Metaspace       used 12305K, committed 12864K, reserved 1114112K
  class space    used 1429K, committed 1664K, reserved 1048576K
}
Event: 49523.753 GC heap after
{Heap after GC invocations=460 (full 0):
 garbage-first heap   total reserved 2097152K, committed 133120K, used 4647K [0x0000000780000000, 0x0000000800000000)
  region size 1024K, 1 young (1024K), 1 survivors (1024K)
 Metaspace       used 12305K, committed 12864K, reserved 1114112K
  class space    used 1429K, committed 1664K, reserved 1048576K
}

