# JRE version: OpenJDK Runtime Environment (23.0.1+11) (build 23.0.1+11-39)
# Java VM: OpenJDK 64-Bit Server VM (23.0.1+11-39, mixed mode, sharing, tiered, compressed oops, compressed class ptrs, g1 gc, bsd-aarch64)
Heap:
 garbage-first heap   total reserved 2097152K, committed 133120K, used 51106K [0x0000000780000000, 0x0000000800000000)
  region size 1024K, 46 young (47104K), 1 survivors (1024K)
 Metaspace       used 12354K, committed 12928K, reserved 1114112K
  class space    used 1427K, committed 1664K, reserved 1048576K
GC Heap History (20 events):
Event: 972.135 GC heap before
{Heap before GC invocations=10 (full 0):
 garbage-first heap   total reserved 2097152K, committed 133120K, used 81943K [0x0000000780000000, 0x0000000800000000)
  region size 1024K, 76 young (77824K), 1 survivors (1024K)
 Metaspace       used 12351K, committed 12928K, reserved 1114112K
  class space    used 1427K, committed 1664K, reserved 1048576K
}
Event: 972.137 GC heap after
{Heap after GC invocations=11 (full 0):
 garbage-first heap   total reserved 2097152K, committed 133120K, used 4996K [0x0000000780000000, 0x0000000800000000)
  region size 1024K, 1 young (1024K), 1 survivors (1024K)
 Metaspace       used 12351K, committed 12928K, reserved 1114112K
  class space    used 1427K, committed 1664K, reserved 1048576K
}
Event: 1073.232 GC heap before
{Heap before GC invocations=11 (full 0):
 garbage-first heap   total reserved 2097152K, committed 133120K, used 81796K [0x0000000780000000, 0x0000000800000000)
  region size 1024K, 76 young (77824K), 1 survivors (1024K)
 Metaspace       used 12354K, committed 12928K, reserved 1114112K
  class space    used 1427K, committed 1664K, reserved 1048576K
}
Event: 1073.234 GC heap after
{Heap after GC invocations=12 (full 0):
 garbage-first heap   total reserved 2097152K, committed 133120K, used 5074K [0x0000000780000000, 0x0000000800000000)
  region size 1024K, 1 young (1024K), 1 survivors (1024K)
 Metaspace       used 12354K, committed 12928K, reserved 1114112K
  class space    used 1427K, committed 1664K, reserved 1048576K
}
Event: 1177.506 GC heap before
{Heap before GC invocations=12 (full 0):
 garbage-first heap   total reserved 2097152K, committed 133120K, used 81874K [0x0000000780000000, 0x0000000800000000)
  region size 1024K, 76 young (77824K), 1 survivors (1024K)
 Metaspace       used 12354K, committed 12928K, reserved 1114112K
  class space    used 1427K, committed 1664K, reserved 1048576K
}
Event: 1177.512 GC heap after
{Heap after GC invocations=13 (full 0):
 garbage-first heap   total reserved 2097152K, committed 133120K, used 5147K [0x0000000780000000, 0x0000000800000000)
  region size 1024K, 1 young (1024K), 1 survivors (1024K)
 Metaspace       used 12354K, committed 12928K, reserved 1114112K
  class space    used 1427K, committed 1664K, reserved 1048576K
}
Event: 1270.932 GC heap before
{Heap before GC invocations=13 (full 0):
 garbage-first heap   total reserved 2097152K, committed 133120K, used 81947K [0x0000000780000000, 0x0000000800000000)
  region size 1024K, 76 young (77824K), 1 survivors (1024K)
 Metaspace       used 12354K, committed 12928K, reserved 1114112K
  class space    used 1427K, committed 1664K, reserved 1048576K
}
Event: 1270.939 GC heap after
{Heap after GC invocations=14 (full 0):
 garbage-first heap   total reserved 2097152K, committed 133120K, used 4822K [0x0000000780000000, 0x0000000800000000)
  region size 1024K, 1 young (1024K), 1 survivors (1024K)
 Metaspace       used 12354K, committed 12928K, reserved 1114112K
  class space    used 1427K, committed 1664K, reserved 1048576K
}
Event: 1365.065 GC heap before
{Heap before GC invocations=14 (full 0):
 garbage-first heap   total reserved 2097152K, committed 133120K, used 81622K [0x0000000780000000, 0x0000000800000000)
  region size 1024K, 76 young (77824K), 1 survivors (1024K)
 Metaspace       used 12354K, committed 12928K, reserved 1114112K
  class space    used 1427K, committed 1664K, reserved 1048576K
}
Event: 1365.068 GC heap after
{Heap after GC invocations=15 (full 0):
 garbage-first heap   total reserved 2097152K, committed 133120K, used 5002K [0x0000000780000000, 0x0000000800000000)
  region size 1024K, 1 young (1024K), 1 survivors (1024K)
 Metaspace       used 12354K, committed 12928K, reserved 1114112K
  class space    used 1427K, committed 1664K, reserved 1048576K
}
Event: 1463.927 GC heap before
{Heap before GC invocations=15 (full 0):
 garbage-first heap   total reserved 2097152K, committed 133120K, used 81802K [0x0000000780000000, 0x0000000800000000)
  region size 1024K, 76 young (77824K), 1 survivors (1024K)
 Metaspace       used 12354K, committed 12928K, reserved 1114112K
  class space    used 1427K, committed 1664K, reserved 1048576K
}
Event: 1463.931 GC heap after
{Heap after GC invocations=16 (full 0):
 garbage-first heap   total reserved 2097152K, committed 133120K, used 5072K [0x0000000780000000, 0x0000000800000000)
  region size 1024K, 1 young (1024K), 1 survivors (1024K)
 Metaspace       used 12354K, committed 12928K, reserved 1114112K
  class space    used 1427K, committed 1664K, reserved 1048576K
}
Event: 1570.595 GC heap before
{Heap before GC invocations=16 (full 0):
 garbage-first heap   total reserved 2097152K, committed 133120K, used 81872K [0x0000000780000000, 0x0000000800000000)
  region size 1024K, 76 young (77824K), 1 survivors (1024K)
 Metaspace       used 12354K, committed 12928K, reserved 1114112K
  class space    used 1427K, committed 1664K, reserved 1048576K
}
Event: 1570.597 GC heap after
{Heap after GC invocations=17 (full 0):
 garbage-first heap   total reserved 2097152K, committed 133120K, used 4901K [0x0000000780000000, 0x0000000800000000)
  region size 1024K, 1 young (1024K), 1 survivors (1024K)
 Metaspace       used 12354K, committed 12928K, reserved 1114112K
  class space    used 1427K, committed 1664K, reserved 1048576K
}
Event: 1678.432 GC heap before
{Heap before GC invocations=17 (full 0):
 garbage-first heap   total reserved 2097152K, committed 133120K, used 81701K [0x0000000780000000, 0x0000000800000000)
  region size 1024K, 76 young (77824K), 1 survivors (1024K)
 Metaspace       used 12354K, committed 12928K, reserved 1114112K
  class space    used 1427K, committed 1664K, reserved 1048576K
}
Event: 1678.436 GC heap after
{Heap after GC invocations=18 (full 0):
 garbage-first heap   total reserved 2097152K, committed 133120K, used 5026K [0x0000000780000000, 0x0000000800000000)
  region size 1024K, 1 young (1024K), 1 survivors (1024K)
 Metaspace       used 12354K, committed 12928K, reserved 1114112K
  class space    used 1427K, committed 1664K, reserved 1048576K
}
Event: 1786.184 GC heap before
{Heap before GC invocations=18 (full 0):
 garbage-first heap   total reserved 2097152K, committed 133120K, used 81826K [0x0000000780000000, 0x0000000800000000)
  region size 1024K, 76 young (77824K), 1 survivors (1024K)
 Metaspace       used 12354K, committed 12928K, reserved 1114112K
  class space    used 1427K, committed 1664K, reserved 1048576K
}
Event: 1786.186 GC heap after
{Heap after GC invocations=19 (full 0):
 garbage-first heap   total reserved 2097152K, committed 133120K, used 5026K [0x0000000780000000, 0x0000000800000000)
  region size 1024K, 1 young (1024K), 1 survivors (1024K)
 Metaspace       used 12354K, committed 12928K, reserved 1114112K
  class space    used 1427K, committed 1664K, reserved 1048576K
}
Event: 1897.153 GC heap before
{Heap before GC invocations=19 (full 0):
 garbage-first heap   total reserved 2097152K, committed 133120K, used 81826K [0x0000000780000000, 0x0000000800000000)
  region size 1024K, 76 young (77824K), 1 survivors (1024K)
 Metaspace       used 12354K, committed 12928K, reserved 1114112K
  class space    used 1427K, committed 1664K, reserved 1048576K
}
Event: 1897.155 GC heap after
{Heap after GC invocations=20 (full 0):
 garbage-first heap   total reserved 2097152K, committed 133120K, used 5026K [0x0000000780000000, 0x0000000800000000)
  region size 1024K, 1 young (1024K), 1 survivors (1024K)
 Metaspace       used 12354K, committed 12928K, reserved 1114112K
  class space    used 1427K, committed 1664K, reserved 1048576K
}

